2023-06-03T18:21:01.343+03:00  INFO 1115852 --- [main] com.orakoglu.excelreader.Application     : Starting Application using Java 17.0.6 with PID 1115852 (/home/xdat/git/excelreader/target/classes started by xdat in /home/xdat/git/excelreader)
2023-06-03T18:21:01.345+03:00  INFO 1115852 --- [main] com.orakoglu.excelreader.Application     : No active profile set, falling back to 1 default profile: "default"
2023-06-03T18:21:01.896+03:00  INFO 1115852 --- [main] o.s.b.w.embedded.tomcat.TomcatWebServer  : Tomcat initialized with port(s): 8626 (http)
2023-06-03T18:21:01.904+03:00  INFO 1115852 --- [main] o.apache.catalina.core.StandardService   : Starting service [Tomcat]
2023-06-03T18:21:01.904+03:00  INFO 1115852 --- [main] o.apache.catalina.core.StandardEngine    : Starting Servlet engine: [Apache Tomcat/10.1.8]
2023-06-03T18:21:01.970+03:00  INFO 1115852 --- [main] o.a.c.c.C.[Tomcat].[localhost].[/]       : Initializing Spring embedded WebApplicationContext
2023-06-03T18:21:01.971+03:00  INFO 1115852 --- [main] w.s.c.ServletWebServerApplicationContext : Root WebApplicationContext: initialization completed in 591 ms
2023-06-03T18:21:02.227+03:00  INFO 1115852 --- [main] o.s.b.w.embedded.tomcat.TomcatWebServer  : Tomcat started on port(s): 8626 (http) with context path ''
2023-06-03T18:21:02.234+03:00  INFO 1115852 --- [main] com.orakoglu.excelreader.Application     : Started Application in 1.177 seconds (process running for 1.554)
2023-06-03T18:21:18.423+03:00  INFO 1115852 --- [http-nio-8626-exec-1] o.a.c.c.C.[Tomcat].[localhost].[/]       : Initializing Spring DispatcherServlet 'dispatcherServlet'
2023-06-03T18:21:18.424+03:00  INFO 1115852 --- [http-nio-8626-exec-1] o.s.web.servlet.DispatcherServlet        : Initializing Servlet 'dispatcherServlet'
2023-06-03T18:21:18.425+03:00  INFO 1115852 --- [http-nio-8626-exec-1] o.s.web.servlet.DispatcherServlet        : Completed initialization in 1 ms
2023-06-03T18:24:23.075+03:00  INFO 1115852 --- [RMI TCP Connection(2)-127.0.0.1] inMXBeanRegistrar$SpringApplicationAdmin : Application shutdown requested.
2023-06-03T18:24:23.081+03:00  INFO 1115852 --- [RMI TCP Connection(2)-127.0.0.1] o.apache.catalina.core.StandardService   : Stopping service [Tomcat]
2023-06-03T18:24:23.083+03:00  INFO 1115852 --- [RMI TCP Connection(2)-127.0.0.1] o.a.c.c.C.[Tomcat].[localhost].[/]       : Destroying Spring FrameworkServlet 'dispatcherServlet'
2023-06-03T18:24:29.205+03:00  INFO 1116787 --- [main] com.orakoglu.excelreader.Application     : Starting Application using Java 17.0.6 with PID 1116787 (/home/xdat/git/excelreader/target/classes started by xdat in /home/xdat/git/excelreader)
2023-06-03T18:24:29.207+03:00  INFO 1116787 --- [main] com.orakoglu.excelreader.Application     : No active profile set, falling back to 1 default profile: "default"
2023-06-03T18:24:29.746+03:00  INFO 1116787 --- [main] o.s.b.w.embedded.tomcat.TomcatWebServer  : Tomcat initialized with port(s): 8626 (http)
2023-06-03T18:24:29.754+03:00  INFO 1116787 --- [main] o.apache.catalina.core.StandardService   : Starting service [Tomcat]
2023-06-03T18:24:29.754+03:00  INFO 1116787 --- [main] o.apache.catalina.core.StandardEngine    : Starting Servlet engine: [Apache Tomcat/10.1.8]
2023-06-03T18:24:29.816+03:00  INFO 1116787 --- [main] o.a.c.c.C.[Tomcat].[localhost].[/]       : Initializing Spring embedded WebApplicationContext
2023-06-03T18:24:29.817+03:00  INFO 1116787 --- [main] w.s.c.ServletWebServerApplicationContext : Root WebApplicationContext: initialization completed in 576 ms
2023-06-03T18:24:30.086+03:00  INFO 1116787 --- [main] o.s.b.w.embedded.tomcat.TomcatWebServer  : Tomcat started on port(s): 8626 (http) with context path ''
2023-06-03T18:24:30.096+03:00  INFO 1116787 --- [main] com.orakoglu.excelreader.Application     : Started Application in 1.171 seconds (process running for 1.555)
2023-06-03T18:24:37.262+03:00  INFO 1116787 --- [http-nio-8626-exec-1] o.a.c.c.C.[Tomcat].[localhost].[/]       : Initializing Spring DispatcherServlet 'dispatcherServlet'
2023-06-03T18:24:37.262+03:00  INFO 1116787 --- [http-nio-8626-exec-1] o.s.web.servlet.DispatcherServlet        : Initializing Servlet 'dispatcherServlet'
2023-06-03T18:24:37.263+03:00  INFO 1116787 --- [http-nio-8626-exec-1] o.s.web.servlet.DispatcherServlet        : Completed initialization in 1 ms
2023-06-03T18:24:47.152+03:00  INFO 1116787 --- [RMI TCP Connection(2)-127.0.0.1] inMXBeanRegistrar$SpringApplicationAdmin : Application shutdown requested.
2023-06-03T18:24:47.157+03:00  INFO 1116787 --- [RMI TCP Connection(2)-127.0.0.1] o.apache.catalina.core.StandardService   : Stopping service [Tomcat]
2023-06-03T18:24:47.158+03:00  INFO 1116787 --- [RMI TCP Connection(2)-127.0.0.1] o.a.c.c.C.[Tomcat].[localhost].[/]       : Destroying Spring FrameworkServlet 'dispatcherServlet'
2023-06-03T18:33:09.321+03:00  INFO 1119232 --- [main] com.orakoglu.excelreader.Application     : Starting Application using Java 17.0.6 with PID 1119232 (/home/xdat/git/excelreader/target/classes started by xdat in /home/xdat/git/excelreader)
2023-06-03T18:33:09.323+03:00  INFO 1119232 --- [main] com.orakoglu.excelreader.Application     : No active profile set, falling back to 1 default profile: "default"
2023-06-03T18:33:09.933+03:00  INFO 1119232 --- [main] o.s.b.w.embedded.tomcat.TomcatWebServer  : Tomcat initialized with port(s): 8626 (http)
2023-06-03T18:33:09.941+03:00  INFO 1119232 --- [main] o.apache.catalina.core.StandardService   : Starting service [Tomcat]
2023-06-03T18:33:09.942+03:00  INFO 1119232 --- [main] o.apache.catalina.core.StandardEngine    : Starting Servlet engine: [Apache Tomcat/10.1.8]
2023-06-03T18:33:10.014+03:00  INFO 1119232 --- [main] o.a.c.c.C.[Tomcat].[localhost].[/]       : Initializing Spring embedded WebApplicationContext
2023-06-03T18:33:10.015+03:00  INFO 1119232 --- [main] w.s.c.ServletWebServerApplicationContext : Root WebApplicationContext: initialization completed in 657 ms
2023-06-03T18:33:10.311+03:00  INFO 1119232 --- [main] o.s.b.w.embedded.tomcat.TomcatWebServer  : Tomcat started on port(s): 8626 (http) with context path ''
2023-06-03T18:33:10.320+03:00  INFO 1119232 --- [main] com.orakoglu.excelreader.Application     : Started Application in 1.291 seconds (process running for 1.656)
2023-06-03T18:33:16.735+03:00  INFO 1119232 --- [http-nio-8626-exec-1] o.a.c.c.C.[Tomcat].[localhost].[/]       : Initializing Spring DispatcherServlet 'dispatcherServlet'
2023-06-03T18:33:16.736+03:00  INFO 1119232 --- [http-nio-8626-exec-1] o.s.web.servlet.DispatcherServlet        : Initializing Servlet 'dispatcherServlet'
2023-06-03T18:33:16.737+03:00  INFO 1119232 --- [http-nio-8626-exec-1] o.s.web.servlet.DispatcherServlet        : Completed initialization in 1 ms
2023-06-03T18:33:16.766+03:00  WARN 1119232 --- [http-nio-8626-exec-1] .w.s.m.s.DefaultHandlerExceptionResolver : Resolved [org.springframework.web.bind.MissingServletRequestParameterException: Required request parameter 'filename' for method parameter type String is not present]
2023-06-03T18:33:18.076+03:00  WARN 1119232 --- [http-nio-8626-exec-2] .w.s.m.s.DefaultHandlerExceptionResolver : Resolved [org.springframework.web.bind.MissingServletRequestParameterException: Required request parameter 'filename' for method parameter type String is not present]
2023-06-03T18:36:02.522+03:00  INFO 1119232 --- [RMI TCP Connection(2)-127.0.0.1] inMXBeanRegistrar$SpringApplicationAdmin : Application shutdown requested.
2023-06-03T18:36:02.527+03:00  INFO 1119232 --- [RMI TCP Connection(2)-127.0.0.1] o.apache.catalina.core.StandardService   : Stopping service [Tomcat]
2023-06-03T18:36:02.529+03:00  INFO 1119232 --- [RMI TCP Connection(2)-127.0.0.1] o.a.c.c.C.[Tomcat].[localhost].[/]       : Destroying Spring FrameworkServlet 'dispatcherServlet'
2023-06-03T18:47:48.371+03:00  INFO 1123545 --- [main] com.orakoglu.excelreader.Application     : Starting Application using Java 17.0.6 with PID 1123545 (/home/xdat/git/excelreader/target/classes started by xdat in /home/xdat/git/excelreader)
2023-06-03T18:47:48.373+03:00  INFO 1123545 --- [main] com.orakoglu.excelreader.Application     : No active profile set, falling back to 1 default profile: "default"
2023-06-03T18:47:48.971+03:00  INFO 1123545 --- [main] o.s.b.w.embedded.tomcat.TomcatWebServer  : Tomcat initialized with port(s): 8626 (http)
2023-06-03T18:47:48.980+03:00  INFO 1123545 --- [main] o.apache.catalina.core.StandardService   : Starting service [Tomcat]
2023-06-03T18:47:48.981+03:00  INFO 1123545 --- [main] o.apache.catalina.core.StandardEngine    : Starting Servlet engine: [Apache Tomcat/10.1.8]
2023-06-03T18:47:49.045+03:00  INFO 1123545 --- [main] o.a.c.c.C.[Tomcat].[localhost].[/]       : Initializing Spring embedded WebApplicationContext
2023-06-03T18:47:49.046+03:00  INFO 1123545 --- [main] w.s.c.ServletWebServerApplicationContext : Root WebApplicationContext: initialization completed in 639 ms
2023-06-03T18:47:49.329+03:00  INFO 1123545 --- [main] o.s.b.w.embedded.tomcat.TomcatWebServer  : Tomcat started on port(s): 8626 (http) with context path ''
2023-06-03T18:47:49.336+03:00  INFO 1123545 --- [main] com.orakoglu.excelreader.Application     : Started Application in 1.245 seconds (process running for 1.605)
2023-06-03T18:47:52.034+03:00  INFO 1123545 --- [http-nio-8626-exec-1] o.a.c.c.C.[Tomcat].[localhost].[/]       : Initializing Spring DispatcherServlet 'dispatcherServlet'
2023-06-03T18:47:52.034+03:00  INFO 1123545 --- [http-nio-8626-exec-1] o.s.web.servlet.DispatcherServlet        : Initializing Servlet 'dispatcherServlet'
2023-06-03T18:47:52.035+03:00  INFO 1123545 --- [http-nio-8626-exec-1] o.s.web.servlet.DispatcherServlet        : Completed initialization in 0 ms
2023-06-03T18:52:52.701+03:00  INFO 1124917 --- [main] com.orakoglu.excelreader.Application     : Starting Application using Java 17.0.6 with PID 1124917 (/home/xdat/git/excelreader/target/classes started by xdat in /home/xdat/git/excelreader)
2023-06-03T18:52:52.704+03:00  INFO 1124917 --- [main] com.orakoglu.excelreader.Application     : No active profile set, falling back to 1 default profile: "default"
2023-06-03T18:52:53.367+03:00  INFO 1124917 --- [main] o.s.b.w.embedded.tomcat.TomcatWebServer  : Tomcat initialized with port(s): 8626 (http)
2023-06-03T18:52:53.375+03:00  INFO 1124917 --- [main] o.apache.catalina.core.StandardService   : Starting service [Tomcat]
2023-06-03T18:52:53.376+03:00  INFO 1124917 --- [main] o.apache.catalina.core.StandardEngine    : Starting Servlet engine: [Apache Tomcat/10.1.8]
2023-06-03T18:52:53.447+03:00  INFO 1124917 --- [main] o.a.c.c.C.[Tomcat].[localhost].[/]       : Initializing Spring embedded WebApplicationContext
2023-06-03T18:52:53.448+03:00  INFO 1124917 --- [main] w.s.c.ServletWebServerApplicationContext : Root WebApplicationContext: initialization completed in 703 ms
2023-06-03T18:52:53.742+03:00  INFO 1124917 --- [main] o.s.b.w.embedded.tomcat.TomcatWebServer  : Tomcat started on port(s): 8626 (http) with context path ''
2023-06-03T18:52:53.756+03:00  INFO 1124917 --- [main] com.orakoglu.excelreader.Application     : Started Application in 1.372 seconds (process running for 1.755)
2023-06-03T18:52:57.769+03:00  INFO 1124917 --- [RMI TCP Connection(2)-127.0.0.1] inMXBeanRegistrar$SpringApplicationAdmin : Application shutdown requested.
2023-06-03T18:52:57.775+03:00  INFO 1124917 --- [RMI TCP Connection(2)-127.0.0.1] o.apache.catalina.core.StandardService   : Stopping service [Tomcat]
2023-06-03T18:53:04.941+03:00  INFO 1125027 --- [main] com.orakoglu.excelreader.Application     : Starting Application using Java 17.0.6 with PID 1125027 (/home/xdat/git/excelreader/target/classes started by xdat in /home/xdat/git/excelreader)
2023-06-03T18:53:04.944+03:00  INFO 1125027 --- [main] com.orakoglu.excelreader.Application     : No active profile set, falling back to 1 default profile: "default"
2023-06-03T18:53:05.836+03:00  INFO 1125027 --- [main] o.s.b.w.embedded.tomcat.TomcatWebServer  : Tomcat initialized with port(s): 8626 (http)
2023-06-03T18:53:05.846+03:00  INFO 1125027 --- [main] o.apache.catalina.core.StandardService   : Starting service [Tomcat]
2023-06-03T18:53:05.847+03:00  INFO 1125027 --- [main] o.apache.catalina.core.StandardEngine    : Starting Servlet engine: [Apache Tomcat/10.1.8]
2023-06-03T18:53:05.931+03:00  INFO 1125027 --- [main] o.a.c.c.C.[Tomcat].[localhost].[/]       : Initializing Spring embedded WebApplicationContext
2023-06-03T18:53:05.932+03:00  INFO 1125027 --- [main] w.s.c.ServletWebServerApplicationContext : Root WebApplicationContext: initialization completed in 933 ms
2023-06-03T18:53:06.327+03:00  INFO 1125027 --- [main] o.s.b.w.embedded.tomcat.TomcatWebServer  : Tomcat started on port(s): 8626 (http) with context path ''
2023-06-03T18:53:06.343+03:00  INFO 1125027 --- [main] com.orakoglu.excelreader.Application     : Started Application in 1.83 seconds (process running for 2.777)
2023-06-03T18:53:12.621+03:00  INFO 1125027 --- [http-nio-8626-exec-1] o.a.c.c.C.[Tomcat].[localhost].[/]       : Initializing Spring DispatcherServlet 'dispatcherServlet'
2023-06-03T18:53:12.622+03:00  INFO 1125027 --- [http-nio-8626-exec-1] o.s.web.servlet.DispatcherServlet        : Initializing Servlet 'dispatcherServlet'
2023-06-03T18:53:12.623+03:00  INFO 1125027 --- [http-nio-8626-exec-1] o.s.web.servlet.DispatcherServlet        : Completed initialization in 1 ms
2023-06-03T18:56:01.606+03:00  INFO 1125852 --- [main] com.orakoglu.excelreader.Application     : Starting Application using Java 17.0.6 with PID 1125852 (/home/xdat/git/excelreader/target/classes started by xdat in /home/xdat/git/excelreader)
2023-06-03T18:56:01.609+03:00  INFO 1125852 --- [main] com.orakoglu.excelreader.Application     : No active profile set, falling back to 1 default profile: "default"
2023-06-03T18:56:02.389+03:00  INFO 1125852 --- [main] o.s.b.w.embedded.tomcat.TomcatWebServer  : Tomcat initialized with port(s): 8626 (http)
2023-06-03T18:56:02.398+03:00  INFO 1125852 --- [main] o.apache.catalina.core.StandardService   : Starting service [Tomcat]
2023-06-03T18:56:02.398+03:00  INFO 1125852 --- [main] o.apache.catalina.core.StandardEngine    : Starting Servlet engine: [Apache Tomcat/10.1.8]
2023-06-03T18:56:02.475+03:00  INFO 1125852 --- [main] o.a.c.c.C.[Tomcat].[localhost].[/]       : Initializing Spring embedded WebApplicationContext
2023-06-03T18:56:02.475+03:00  INFO 1125852 --- [main] w.s.c.ServletWebServerApplicationContext : Root WebApplicationContext: initialization completed in 822 ms
2023-06-03T18:56:02.805+03:00  INFO 1125852 --- [main] o.s.b.w.embedded.tomcat.TomcatWebServer  : Tomcat started on port(s): 8626 (http) with context path ''
2023-06-03T18:56:02.817+03:00  INFO 1125852 --- [main] com.orakoglu.excelreader.Application     : Started Application in 1.571 seconds (process running for 2.133)
2023-06-03T18:56:09.426+03:00  INFO 1125852 --- [http-nio-8626-exec-1] o.a.c.c.C.[Tomcat].[localhost].[/]       : Initializing Spring DispatcherServlet 'dispatcherServlet'
2023-06-03T18:56:09.426+03:00  INFO 1125852 --- [http-nio-8626-exec-1] o.s.web.servlet.DispatcherServlet        : Initializing Servlet 'dispatcherServlet'
2023-06-03T18:56:09.427+03:00  INFO 1125852 --- [http-nio-8626-exec-1] o.s.web.servlet.DispatcherServlet        : Completed initialization in 0 ms
2023-06-03T18:59:58.520+03:00  INFO 1126780 --- [main] com.orakoglu.excelreader.Application     : Starting Application using Java 17.0.6 with PID 1126780 (/home/xdat/git/excelreader/target/classes started by xdat in /home/xdat/git/excelreader)
2023-06-03T18:59:58.523+03:00  INFO 1126780 --- [main] com.orakoglu.excelreader.Application     : No active profile set, falling back to 1 default profile: "default"
2023-06-03T18:59:59.270+03:00  INFO 1126780 --- [main] o.s.b.w.embedded.tomcat.TomcatWebServer  : Tomcat initialized with port(s): 8626 (http)
2023-06-03T18:59:59.279+03:00  INFO 1126780 --- [main] o.apache.catalina.core.StandardService   : Starting service [Tomcat]
2023-06-03T18:59:59.279+03:00  INFO 1126780 --- [main] o.apache.catalina.core.StandardEngine    : Starting Servlet engine: [Apache Tomcat/10.1.8]
2023-06-03T18:59:59.361+03:00  INFO 1126780 --- [main] o.a.c.c.C.[Tomcat].[localhost].[/]       : Initializing Spring embedded WebApplicationContext
2023-06-03T18:59:59.361+03:00  INFO 1126780 --- [main] w.s.c.ServletWebServerApplicationContext : Root WebApplicationContext: initialization completed in 794 ms
2023-06-03T18:59:59.692+03:00  INFO 1126780 --- [main] o.s.b.w.embedded.tomcat.TomcatWebServer  : Tomcat started on port(s): 8626 (http) with context path ''
2023-06-03T18:59:59.704+03:00  INFO 1126780 --- [main] com.orakoglu.excelreader.Application     : Started Application in 1.564 seconds (process running for 2.179)
2023-06-03T19:00:03.526+03:00  INFO 1126780 --- [http-nio-8626-exec-1] o.a.c.c.C.[Tomcat].[localhost].[/]       : Initializing Spring DispatcherServlet 'dispatcherServlet'
2023-06-03T19:00:03.526+03:00  INFO 1126780 --- [http-nio-8626-exec-1] o.s.web.servlet.DispatcherServlet        : Initializing Servlet 'dispatcherServlet'
2023-06-03T19:00:03.527+03:00  INFO 1126780 --- [http-nio-8626-exec-1] o.s.web.servlet.DispatcherServlet        : Completed initialization in 1 ms
2023-06-03T19:02:18.429+03:00  INFO 1127549 --- [main] com.orakoglu.excelreader.Application     : Starting Application using Java 17.0.6 with PID 1127549 (/home/xdat/git/excelreader/target/classes started by xdat in /home/xdat/git/excelreader)
2023-06-03T19:02:18.431+03:00  INFO 1127549 --- [main] com.orakoglu.excelreader.Application     : No active profile set, falling back to 1 default profile: "default"
2023-06-03T19:02:19.205+03:00  INFO 1127549 --- [main] o.s.b.w.embedded.tomcat.TomcatWebServer  : Tomcat initialized with port(s): 8626 (http)
2023-06-03T19:02:19.222+03:00  INFO 1127549 --- [main] o.apache.catalina.core.StandardService   : Starting service [Tomcat]
2023-06-03T19:02:19.223+03:00  INFO 1127549 --- [main] o.apache.catalina.core.StandardEngine    : Starting Servlet engine: [Apache Tomcat/10.1.8]
2023-06-03T19:02:19.290+03:00  INFO 1127549 --- [main] o.a.c.c.C.[Tomcat].[localhost].[/]       : Initializing Spring embedded WebApplicationContext
2023-06-03T19:02:19.290+03:00  INFO 1127549 --- [main] w.s.c.ServletWebServerApplicationContext : Root WebApplicationContext: initialization completed in 813 ms
2023-06-03T19:02:19.618+03:00  INFO 1127549 --- [main] o.s.b.w.embedded.tomcat.TomcatWebServer  : Tomcat started on port(s): 8626 (http) with context path ''
2023-06-03T19:02:19.631+03:00  INFO 1127549 --- [main] com.orakoglu.excelreader.Application     : Started Application in 1.575 seconds (process running for 2.186)
2023-06-03T19:02:24.763+03:00  INFO 1127549 --- [http-nio-8626-exec-1] o.a.c.c.C.[Tomcat].[localhost].[/]       : Initializing Spring DispatcherServlet 'dispatcherServlet'
2023-06-03T19:02:24.763+03:00  INFO 1127549 --- [http-nio-8626-exec-1] o.s.web.servlet.DispatcherServlet        : Initializing Servlet 'dispatcherServlet'
2023-06-03T19:02:24.764+03:00  INFO 1127549 --- [http-nio-8626-exec-1] o.s.web.servlet.DispatcherServlet        : Completed initialization in 1 ms
2023-06-03T19:04:38.749+03:00 ERROR 1127549 --- [http-nio-8626-exec-1] o.a.c.c.C.[.[.[/].[dispatcherServlet]    : Servlet.service() for servlet [dispatcherServlet] in context with path [] threw exception [Handler dispatch failed: java.lang.OutOfMemoryError: Java heap space] with root cause

java.lang.OutOfMemoryError: Java heap space
	at org.apache.xmlbeans.impl.store.Cur$CurLoadContext.attr(Cur.java:2920) ~[xmlbeans-5.1.1.jar:na]
	at org.apache.xmlbeans.impl.store.Cur$CurLoadContext.attr(Cur.java:2940) ~[xmlbeans-5.1.1.jar:na]
	at org.apache.xmlbeans.impl.store.Locale$SaxHandler.startElement(Locale.java:2338) ~[xmlbeans-5.1.1.jar:na]
	at java.xml/com.sun.org.apache.xerces.internal.parsers.AbstractSAXParser.startElement(AbstractSAXParser.java:518) ~[na:na]
	at java.xml/com.sun.org.apache.xerces.internal.impl.XMLNSDocumentScannerImpl.scanStartElement(XMLNSDocumentScannerImpl.java:374) ~[na:na]
	at java.xml/com.sun.org.apache.xerces.internal.impl.XMLDocumentFragmentScannerImpl$FragmentContentDriver.next(XMLDocumentFragmentScannerImpl.java:2726) ~[na:na]
	at java.xml/com.sun.org.apache.xerces.internal.impl.XMLDocumentScannerImpl.next(XMLDocumentScannerImpl.java:605) ~[na:na]
	at java.xml/com.sun.org.apache.xerces.internal.impl.XMLNSDocumentScannerImpl.next(XMLNSDocumentScannerImpl.java:112) ~[na:na]
	at java.xml/com.sun.org.apache.xerces.internal.impl.XMLDocumentFragmentScannerImpl.scanDocument(XMLDocumentFragmentScannerImpl.java:542) ~[na:na]
	at java.xml/com.sun.org.apache.xerces.internal.parsers.XML11Configuration.parse(XML11Configuration.java:889) ~[na:na]
	at java.xml/com.sun.org.apache.xerces.internal.parsers.XML11Configuration.parse(XML11Configuration.java:825) ~[na:na]
	at java.xml/com.sun.org.apache.xerces.internal.parsers.XMLParser.parse(XMLParser.java:141) ~[na:na]
	at java.xml/com.sun.org.apache.xerces.internal.parsers.AbstractSAXParser.parse(AbstractSAXParser.java:1224) ~[na:na]
	at java.xml/com.sun.org.apache.xerces.internal.jaxp.SAXParserImpl$JAXPSAXParser.parse(SAXParserImpl.java:637) ~[na:na]
	at org.apache.xmlbeans.impl.store.Locale$SaxLoader.load(Locale.java:2532) ~[xmlbeans-5.1.1.jar:na]
	at org.apache.xmlbeans.impl.store.Locale.lambda$parseToXmlObject$3(Locale.java:717) ~[xmlbeans-5.1.1.jar:na]
	at org.apache.xmlbeans.impl.store.Locale$$Lambda$949/0x0000000801119638.parse(Unknown Source) ~[na:na]
	at org.apache.xmlbeans.impl.store.Locale.syncWrap(Locale.java:490) ~[xmlbeans-5.1.1.jar:na]
	at org.apache.xmlbeans.impl.store.Locale.parseToXmlObject(Locale.java:716) ~[xmlbeans-5.1.1.jar:na]
	at org.apache.xmlbeans.impl.schema.SchemaTypeLoaderBase.parse(SchemaTypeLoaderBase.java:233) ~[xmlbeans-5.1.1.jar:na]
	at org.apache.xmlbeans.impl.schema.AbstractDocumentFactory.parse(AbstractDocumentFactory.java:71) ~[xmlbeans-5.1.1.jar:na]
	at org.apache.poi.xssf.usermodel.XSSFSheet.read(XSSFSheet.java:156) ~[poi-ooxml-5.2.3.jar:5.2.3]
	at org.apache.poi.xssf.usermodel.XSSFSheet.onDocumentRead(XSSFSheet.java:148) ~[poi-ooxml-5.2.3.jar:5.2.3]
	at org.apache.poi.xssf.usermodel.XSSFWorkbook.parseSheet(XSSFWorkbook.java:468) ~[poi-ooxml-5.2.3.jar:5.2.3]
	at org.apache.poi.xssf.usermodel.XSSFWorkbook.onDocumentRead(XSSFWorkbook.java:429) ~[poi-ooxml-5.2.3.jar:5.2.3]
	at org.apache.poi.ooxml.POIXMLDocument.load(POIXMLDocument.java:169) ~[poi-ooxml-5.2.3.jar:5.2.3]
	at org.apache.poi.xssf.usermodel.XSSFWorkbook.<init>(XSSFWorkbook.java:260) ~[poi-ooxml-5.2.3.jar:5.2.3]
	at org.apache.poi.xssf.usermodel.XSSFWorkbook.<init>(XSSFWorkbook.java:311) ~[poi-ooxml-5.2.3.jar:5.2.3]
	at com.orakoglu.excelreader.Controller.readExcel(Controller.java:26) ~[classes/:na]
	at com.orakoglu.excelreader.ExcelReader.home(ExcelReader.java:20) ~[classes/:na]
	at java.base/jdk.internal.reflect.NativeMethodAccessorImpl.invoke0(Native Method) ~[na:na]
	at java.base/jdk.internal.reflect.NativeMethodAccessorImpl.invoke(NativeMethodAccessorImpl.java:77) ~[na:na]

2023-06-03T19:17:20.230+03:00  INFO 1132725 --- [main] com.orakoglu.excelreader.Application     : Starting Application using Java 17.0.6 with PID 1132725 (/home/xdat/git/excelreader/target/classes started by xdat in /home/xdat/git/excelreader)
2023-06-03T19:17:20.232+03:00  INFO 1132725 --- [main] com.orakoglu.excelreader.Application     : No active profile set, falling back to 1 default profile: "default"
2023-06-03T19:17:21.009+03:00  INFO 1132725 --- [main] o.s.b.w.embedded.tomcat.TomcatWebServer  : Tomcat initialized with port(s): 8626 (http)
2023-06-03T19:17:21.025+03:00  INFO 1132725 --- [main] o.apache.catalina.core.StandardService   : Starting service [Tomcat]
2023-06-03T19:17:21.026+03:00  INFO 1132725 --- [main] o.apache.catalina.core.StandardEngine    : Starting Servlet engine: [Apache Tomcat/10.1.8]
2023-06-03T19:17:21.098+03:00  INFO 1132725 --- [main] o.a.c.c.C.[Tomcat].[localhost].[/]       : Initializing Spring embedded WebApplicationContext
2023-06-03T19:17:21.099+03:00  INFO 1132725 --- [main] w.s.c.ServletWebServerApplicationContext : Root WebApplicationContext: initialization completed in 821 ms
2023-06-03T19:17:21.399+03:00  INFO 1132725 --- [main] o.s.b.w.embedded.tomcat.TomcatWebServer  : Tomcat started on port(s): 8626 (http) with context path ''
2023-06-03T19:17:21.410+03:00  INFO 1132725 --- [main] com.orakoglu.excelreader.Application     : Started Application in 1.544 seconds (process running for 2.13)
2023-06-03T19:17:29.486+03:00  INFO 1132725 --- [http-nio-8626-exec-1] o.a.c.c.C.[Tomcat].[localhost].[/]       : Initializing Spring DispatcherServlet 'dispatcherServlet'
2023-06-03T19:17:29.486+03:00  INFO 1132725 --- [http-nio-8626-exec-1] o.s.web.servlet.DispatcherServlet        : Initializing Servlet 'dispatcherServlet'
2023-06-03T19:17:29.487+03:00  INFO 1132725 --- [http-nio-8626-exec-1] o.s.web.servlet.DispatcherServlet        : Completed initialization in 1 ms
2023-06-03T19:19:42.848+03:00 ERROR 1132725 --- [Catalina-utility-2] o.a.coyote.http11.Http11NioProtocol      : Error processing async timeouts

java.util.concurrent.ExecutionException: java.lang.OutOfMemoryError: Java heap space
	at java.base/java.util.concurrent.FutureTask.report(FutureTask.java:122) ~[na:na]
	at java.base/java.util.concurrent.FutureTask.get(FutureTask.java:191) ~[na:na]
	at org.apache.coyote.AbstractProtocol.startAsyncTimeout(AbstractProtocol.java:649) ~[tomcat-embed-core-10.1.8.jar:10.1.8]
	at org.apache.coyote.AbstractProtocol.lambda$start$0(AbstractProtocol.java:635) ~[tomcat-embed-core-10.1.8.jar:10.1.8]
	at java.base/java.util.concurrent.Executors$RunnableAdapter.call(Executors.java:539) ~[na:na]
	at java.base/java.util.concurrent.FutureTask.runAndReset(FutureTask.java:305) ~[na:na]
	at java.base/java.util.concurrent.ScheduledThreadPoolExecutor$ScheduledFutureTask.run(ScheduledThreadPoolExecutor.java:305) ~[na:na]
	at java.base/java.util.concurrent.ThreadPoolExecutor.runWorker(ThreadPoolExecutor.java:1136) ~[na:na]
	at java.base/java.util.concurrent.ThreadPoolExecutor$Worker.run(ThreadPoolExecutor.java:635) ~[na:na]
	at org.apache.tomcat.util.threads.TaskThread$WrappingRunnable.run(TaskThread.java:61) ~[tomcat-embed-core-10.1.8.jar:10.1.8]
	at java.base/java.lang.Thread.run(Thread.java:833) ~[na:na]
Caused by: java.lang.OutOfMemoryError: Java heap space

2023-06-03T19:19:42.857+03:00 ERROR 1132725 --- [http-nio-8626-exec-1] o.a.c.c.C.[.[.[/].[dispatcherServlet]    : Servlet.service() for servlet [dispatcherServlet] in context with path [] threw exception [Handler dispatch failed: java.lang.OutOfMemoryError: Java heap space] with root cause

java.lang.OutOfMemoryError: Java heap space
	at org.apache.xmlbeans.impl.store.Cur$CurLoadContext.attr(Cur.java:2920) ~[xmlbeans-5.1.1.jar:na]
	at org.apache.xmlbeans.impl.store.Cur$CurLoadContext.attr(Cur.java:2940) ~[xmlbeans-5.1.1.jar:na]
	at org.apache.xmlbeans.impl.store.Locale$SaxHandler.startElement(Locale.java:2338) ~[xmlbeans-5.1.1.jar:na]
	at java.xml/com.sun.org.apache.xerces.internal.parsers.AbstractSAXParser.startElement(AbstractSAXParser.java:518) ~[na:na]
	at java.xml/com.sun.org.apache.xerces.internal.impl.XMLNSDocumentScannerImpl.scanStartElement(XMLNSDocumentScannerImpl.java:374) ~[na:na]
	at java.xml/com.sun.org.apache.xerces.internal.impl.XMLDocumentFragmentScannerImpl$FragmentContentDriver.next(XMLDocumentFragmentScannerImpl.java:2726) ~[na:na]
	at java.xml/com.sun.org.apache.xerces.internal.impl.XMLDocumentScannerImpl.next(XMLDocumentScannerImpl.java:605) ~[na:na]
	at java.xml/com.sun.org.apache.xerces.internal.impl.XMLNSDocumentScannerImpl.next(XMLNSDocumentScannerImpl.java:112) ~[na:na]
	at java.xml/com.sun.org.apache.xerces.internal.impl.XMLDocumentFragmentScannerImpl.scanDocument(XMLDocumentFragmentScannerImpl.java:542) ~[na:na]
	at java.xml/com.sun.org.apache.xerces.internal.parsers.XML11Configuration.parse(XML11Configuration.java:889) ~[na:na]
	at java.xml/com.sun.org.apache.xerces.internal.parsers.XML11Configuration.parse(XML11Configuration.java:825) ~[na:na]
	at java.xml/com.sun.org.apache.xerces.internal.parsers.XMLParser.parse(XMLParser.java:141) ~[na:na]
	at java.xml/com.sun.org.apache.xerces.internal.parsers.AbstractSAXParser.parse(AbstractSAXParser.java:1224) ~[na:na]
	at java.xml/com.sun.org.apache.xerces.internal.jaxp.SAXParserImpl$JAXPSAXParser.parse(SAXParserImpl.java:637) ~[na:na]
	at org.apache.xmlbeans.impl.store.Locale$SaxLoader.load(Locale.java:2532) ~[xmlbeans-5.1.1.jar:na]
	at org.apache.xmlbeans.impl.store.Locale.lambda$parseToXmlObject$3(Locale.java:717) ~[xmlbeans-5.1.1.jar:na]
	at org.apache.xmlbeans.impl.store.Locale$$Lambda$949/0x0000000801119990.parse(Unknown Source) ~[na:na]
	at org.apache.xmlbeans.impl.store.Locale.syncWrap(Locale.java:490) ~[xmlbeans-5.1.1.jar:na]
	at org.apache.xmlbeans.impl.store.Locale.parseToXmlObject(Locale.java:716) ~[xmlbeans-5.1.1.jar:na]
	at org.apache.xmlbeans.impl.schema.SchemaTypeLoaderBase.parse(SchemaTypeLoaderBase.java:233) ~[xmlbeans-5.1.1.jar:na]
	at org.apache.xmlbeans.impl.schema.AbstractDocumentFactory.parse(AbstractDocumentFactory.java:71) ~[xmlbeans-5.1.1.jar:na]
	at org.apache.poi.xssf.usermodel.XSSFSheet.read(XSSFSheet.java:156) ~[poi-ooxml-5.2.3.jar:5.2.3]
	at org.apache.poi.xssf.usermodel.XSSFSheet.onDocumentRead(XSSFSheet.java:148) ~[poi-ooxml-5.2.3.jar:5.2.3]
	at org.apache.poi.xssf.usermodel.XSSFWorkbook.parseSheet(XSSFWorkbook.java:468) ~[poi-ooxml-5.2.3.jar:5.2.3]
	at org.apache.poi.xssf.usermodel.XSSFWorkbook.onDocumentRead(XSSFWorkbook.java:429) ~[poi-ooxml-5.2.3.jar:5.2.3]
	at org.apache.poi.ooxml.POIXMLDocument.load(POIXMLDocument.java:169) ~[poi-ooxml-5.2.3.jar:5.2.3]
	at org.apache.poi.xssf.usermodel.XSSFWorkbook.<init>(XSSFWorkbook.java:260) ~[poi-ooxml-5.2.3.jar:5.2.3]
	at org.apache.poi.xssf.usermodel.XSSFWorkbook.<init>(XSSFWorkbook.java:311) ~[poi-ooxml-5.2.3.jar:5.2.3]
	at com.orakoglu.excelreader.Controller.readExcel(Controller.java:31) ~[classes/:na]
	at com.orakoglu.excelreader.ExcelReader.home(ExcelReader.java:20) ~[classes/:na]
	at java.base/jdk.internal.reflect.NativeMethodAccessorImpl.invoke0(Native Method) ~[na:na]
	at java.base/jdk.internal.reflect.NativeMethodAccessorImpl.invoke(NativeMethodAccessorImpl.java:77) ~[na:na]

2023-06-03T19:20:31.899+03:00  INFO 1133572 --- [main] com.orakoglu.excelreader.Application     : Starting Application using Java 17.0.6 with PID 1133572 (/home/xdat/git/excelreader/target/classes started by xdat in /home/xdat/git/excelreader)
2023-06-03T19:20:31.902+03:00  INFO 1133572 --- [main] com.orakoglu.excelreader.Application     : No active profile set, falling back to 1 default profile: "default"
2023-06-03T19:20:32.664+03:00  INFO 1133572 --- [main] o.s.b.w.embedded.tomcat.TomcatWebServer  : Tomcat initialized with port(s): 8626 (http)
2023-06-03T19:20:32.681+03:00  INFO 1133572 --- [main] o.apache.catalina.core.StandardService   : Starting service [Tomcat]
2023-06-03T19:20:32.681+03:00  INFO 1133572 --- [main] o.apache.catalina.core.StandardEngine    : Starting Servlet engine: [Apache Tomcat/10.1.8]
2023-06-03T19:20:32.765+03:00  INFO 1133572 --- [main] o.a.c.c.C.[Tomcat].[localhost].[/]       : Initializing Spring embedded WebApplicationContext
2023-06-03T19:20:32.766+03:00  INFO 1133572 --- [main] w.s.c.ServletWebServerApplicationContext : Root WebApplicationContext: initialization completed in 817 ms
2023-06-03T19:20:33.099+03:00  INFO 1133572 --- [main] o.s.b.w.embedded.tomcat.TomcatWebServer  : Tomcat started on port(s): 8626 (http) with context path ''
2023-06-03T19:20:33.108+03:00  INFO 1133572 --- [main] com.orakoglu.excelreader.Application     : Started Application in 1.593 seconds (process running for 2.237)
2023-06-03T19:24:00.196+03:00  INFO 1134499 --- [main] com.orakoglu.excelreader.Application     : Starting Application using Java 17.0.6 with PID 1134499 (/home/xdat/git/excelreader/target/classes started by xdat in /home/xdat/git/excelreader)
2023-06-03T19:24:00.199+03:00  INFO 1134499 --- [main] com.orakoglu.excelreader.Application     : No active profile set, falling back to 1 default profile: "default"
2023-06-03T19:24:00.940+03:00  INFO 1134499 --- [main] o.s.b.w.embedded.tomcat.TomcatWebServer  : Tomcat initialized with port(s): 8626 (http)
2023-06-03T19:24:00.950+03:00  INFO 1134499 --- [main] o.apache.catalina.core.StandardService   : Starting service [Tomcat]
2023-06-03T19:24:00.950+03:00  INFO 1134499 --- [main] o.apache.catalina.core.StandardEngine    : Starting Servlet engine: [Apache Tomcat/10.1.8]
2023-06-03T19:24:01.025+03:00  INFO 1134499 --- [main] o.a.c.c.C.[Tomcat].[localhost].[/]       : Initializing Spring embedded WebApplicationContext
2023-06-03T19:24:01.025+03:00  INFO 1134499 --- [main] w.s.c.ServletWebServerApplicationContext : Root WebApplicationContext: initialization completed in 786 ms
2023-06-03T19:24:01.370+03:00  INFO 1134499 --- [main] o.s.b.w.embedded.tomcat.TomcatWebServer  : Tomcat started on port(s): 8626 (http) with context path ''
2023-06-03T19:24:01.380+03:00  INFO 1134499 --- [main] com.orakoglu.excelreader.Application     : Started Application in 1.535 seconds (process running for 2.132)
2023-06-03T19:25:31.503+03:00  INFO 1134499 --- [http-nio-8626-exec-1] o.a.c.c.C.[Tomcat].[localhost].[/]       : Initializing Spring DispatcherServlet 'dispatcherServlet'
2023-06-03T19:25:31.504+03:00  INFO 1134499 --- [http-nio-8626-exec-1] o.s.web.servlet.DispatcherServlet        : Initializing Servlet 'dispatcherServlet'
2023-06-03T19:25:31.505+03:00  INFO 1134499 --- [http-nio-8626-exec-1] o.s.web.servlet.DispatcherServlet        : Completed initialization in 1 ms
2023-06-03T19:26:56.362+03:00  INFO 1135292 --- [main] com.orakoglu.excelreader.Application     : Starting Application using Java 17.0.6 with PID 1135292 (/home/xdat/git/excelreader/target/classes started by xdat in /home/xdat/git/excelreader)
2023-06-03T19:26:56.366+03:00  INFO 1135292 --- [main] com.orakoglu.excelreader.Application     : No active profile set, falling back to 1 default profile: "default"
2023-06-03T19:26:57.206+03:00  INFO 1135292 --- [main] o.s.b.w.embedded.tomcat.TomcatWebServer  : Tomcat initialized with port(s): 8626 (http)
2023-06-03T19:26:57.216+03:00  INFO 1135292 --- [main] o.apache.catalina.core.StandardService   : Starting service [Tomcat]
2023-06-03T19:26:57.216+03:00  INFO 1135292 --- [main] o.apache.catalina.core.StandardEngine    : Starting Servlet engine: [Apache Tomcat/10.1.8]
2023-06-03T19:26:57.318+03:00  INFO 1135292 --- [main] o.a.c.c.C.[Tomcat].[localhost].[/]       : Initializing Spring embedded WebApplicationContext
2023-06-03T19:26:57.318+03:00  INFO 1135292 --- [main] w.s.c.ServletWebServerApplicationContext : Root WebApplicationContext: initialization completed in 906 ms
2023-06-03T19:26:57.655+03:00  INFO 1135292 --- [main] o.s.b.w.embedded.tomcat.TomcatWebServer  : Tomcat started on port(s): 8626 (http) with context path ''
2023-06-03T19:26:57.664+03:00  INFO 1135292 --- [main] com.orakoglu.excelreader.Application     : Started Application in 1.725 seconds (process running for 2.655)
2023-06-03T19:27:09.367+03:00  INFO 1135292 --- [http-nio-8626-exec-1] o.a.c.c.C.[Tomcat].[localhost].[/]       : Initializing Spring DispatcherServlet 'dispatcherServlet'
2023-06-03T19:27:09.368+03:00  INFO 1135292 --- [http-nio-8626-exec-1] o.s.web.servlet.DispatcherServlet        : Initializing Servlet 'dispatcherServlet'
2023-06-03T19:27:09.369+03:00  INFO 1135292 --- [http-nio-8626-exec-1] o.s.web.servlet.DispatcherServlet        : Completed initialization in 1 ms
2023-06-03T19:28:46.056+03:00  INFO 1135806 --- [main] com.orakoglu.excelreader.Application     : Starting Application using Java 17.0.6 with PID 1135806 (/home/xdat/git/excelreader/target/classes started by xdat in /home/xdat/git/excelreader)
2023-06-03T19:28:46.059+03:00  INFO 1135806 --- [main] com.orakoglu.excelreader.Application     : No active profile set, falling back to 1 default profile: "default"
2023-06-03T19:28:46.891+03:00  INFO 1135806 --- [main] o.s.b.w.embedded.tomcat.TomcatWebServer  : Tomcat initialized with port(s): 8626 (http)
2023-06-03T19:28:46.901+03:00  INFO 1135806 --- [main] o.apache.catalina.core.StandardService   : Starting service [Tomcat]
2023-06-03T19:28:46.901+03:00  INFO 1135806 --- [main] o.apache.catalina.core.StandardEngine    : Starting Servlet engine: [Apache Tomcat/10.1.8]
2023-06-03T19:28:46.997+03:00  INFO 1135806 --- [main] o.a.c.c.C.[Tomcat].[localhost].[/]       : Initializing Spring embedded WebApplicationContext
2023-06-03T19:28:46.997+03:00  INFO 1135806 --- [main] w.s.c.ServletWebServerApplicationContext : Root WebApplicationContext: initialization completed in 891 ms
2023-06-03T19:28:47.350+03:00  INFO 1135806 --- [main] o.s.b.w.embedded.tomcat.TomcatWebServer  : Tomcat started on port(s): 8626 (http) with context path ''
2023-06-03T19:28:47.363+03:00  INFO 1135806 --- [main] com.orakoglu.excelreader.Application     : Started Application in 1.729 seconds (process running for 2.762)
2023-06-03T19:28:51.236+03:00  INFO 1135806 --- [http-nio-8626-exec-1] o.a.c.c.C.[Tomcat].[localhost].[/]       : Initializing Spring DispatcherServlet 'dispatcherServlet'
2023-06-03T19:28:51.236+03:00  INFO 1135806 --- [http-nio-8626-exec-1] o.s.web.servlet.DispatcherServlet        : Initializing Servlet 'dispatcherServlet'
2023-06-03T19:28:51.237+03:00  INFO 1135806 --- [http-nio-8626-exec-1] o.s.web.servlet.DispatcherServlet        : Completed initialization in 1 ms
2023-06-03T19:44:36.906+03:00  INFO 1139639 --- [main] com.orakoglu.excelreader.Application     : Starting Application using Java 17.0.6 with PID 1139639 (/home/xdat/git/excelreader/target/classes started by xdat in /home/xdat/git/excelreader)
2023-06-03T19:44:36.908+03:00  INFO 1139639 --- [main] com.orakoglu.excelreader.Application     : No active profile set, falling back to 1 default profile: "default"
2023-06-03T19:44:37.521+03:00  INFO 1139639 --- [main] o.s.b.w.embedded.tomcat.TomcatWebServer  : Tomcat initialized with port(s): 8626 (http)
2023-06-03T19:44:37.529+03:00  INFO 1139639 --- [main] o.apache.catalina.core.StandardService   : Starting service [Tomcat]
2023-06-03T19:44:37.530+03:00  INFO 1139639 --- [main] o.apache.catalina.core.StandardEngine    : Starting Servlet engine: [Apache Tomcat/10.1.8]
2023-06-03T19:44:37.600+03:00  INFO 1139639 --- [main] o.a.c.c.C.[Tomcat].[localhost].[/]       : Initializing Spring embedded WebApplicationContext
2023-06-03T19:44:37.600+03:00  INFO 1139639 --- [main] w.s.c.ServletWebServerApplicationContext : Root WebApplicationContext: initialization completed in 653 ms
2023-06-03T19:44:37.858+03:00  INFO 1139639 --- [main] o.s.b.w.embedded.tomcat.TomcatWebServer  : Tomcat started on port(s): 8626 (http) with context path ''
2023-06-03T19:44:37.866+03:00  INFO 1139639 --- [main] com.orakoglu.excelreader.Application     : Started Application in 1.253 seconds (process running for 1.653)
2023-06-03T19:44:43.602+03:00  INFO 1139639 --- [http-nio-8626-exec-1] o.a.c.c.C.[Tomcat].[localhost].[/]       : Initializing Spring DispatcherServlet 'dispatcherServlet'
2023-06-03T19:44:43.603+03:00  INFO 1139639 --- [http-nio-8626-exec-1] o.s.web.servlet.DispatcherServlet        : Initializing Servlet 'dispatcherServlet'
2023-06-03T19:44:43.604+03:00  INFO 1139639 --- [http-nio-8626-exec-1] o.s.web.servlet.DispatcherServlet        : Completed initialization in 1 ms
2023-06-03T19:44:58.508+03:00  INFO 1139639 --- [RMI TCP Connection(2)-127.0.0.1] inMXBeanRegistrar$SpringApplicationAdmin : Application shutdown requested.
2023-06-03T19:44:58.513+03:00  INFO 1139639 --- [RMI TCP Connection(2)-127.0.0.1] o.apache.catalina.core.StandardService   : Stopping service [Tomcat]
2023-06-03T19:44:58.515+03:00  INFO 1139639 --- [RMI TCP Connection(2)-127.0.0.1] o.apache.catalina.core.StandardWrapper   : Waiting for [1] instance(s) to be deallocated for Servlet [dispatcherServlet]
2023-06-03T19:44:59.592+03:00  INFO 1139639 --- [RMI TCP Connection(2)-127.0.0.1] o.apache.catalina.core.StandardWrapper   : Waiting for [1] instance(s) to be deallocated for Servlet [dispatcherServlet]
2023-06-03T19:45:00.600+03:00  INFO 1139639 --- [RMI TCP Connection(2)-127.0.0.1] o.apache.catalina.core.StandardWrapper   : Waiting for [1] instance(s) to be deallocated for Servlet [dispatcherServlet]
2023-06-03T19:45:00.701+03:00  INFO 1139639 --- [RMI TCP Connection(2)-127.0.0.1] o.a.c.c.C.[Tomcat].[localhost].[/]       : Destroying Spring FrameworkServlet 'dispatcherServlet'
2023-06-03T19:45:00.705+03:00  WARN 1139639 --- [RMI TCP Connection(2)-127.0.0.1] o.a.c.loader.WebappClassLoaderBase       : The web application [ROOT] is still processing a request that has yet to finish. This is very likely to create a memory leak. You can control the time allowed for requests to finish by using the unloadDelay attribute of the standard Context implementation. Stack trace of request processing thread:[
 app//org.apache.xmlbeans.impl.store.Cur$CurLoadContext.attr(Cur.java:2922)
 app//org.apache.xmlbeans.impl.store.Cur$CurLoadContext.attr(Cur.java:2940)
 app//org.apache.xmlbeans.impl.store.Locale$SaxHandler.startElement(Locale.java:2338)
 java.xml@17.0.6/com.sun.org.apache.xerces.internal.parsers.AbstractSAXParser.startElement(AbstractSAXParser.java:518)
 java.xml@17.0.6/com.sun.org.apache.xerces.internal.impl.XMLNSDocumentScannerImpl.scanStartElement(XMLNSDocumentScannerImpl.java:374)
 java.xml@17.0.6/com.sun.org.apache.xerces.internal.impl.XMLDocumentFragmentScannerImpl$FragmentContentDriver.next(XMLDocumentFragmentScannerImpl.java:2726)
 java.xml@17.0.6/com.sun.org.apache.xerces.internal.impl.XMLDocumentScannerImpl.next(XMLDocumentScannerImpl.java:605)
 java.xml@17.0.6/com.sun.org.apache.xerces.internal.impl.XMLNSDocumentScannerImpl.next(XMLNSDocumentScannerImpl.java:112)
 java.xml@17.0.6/com.sun.org.apache.xerces.internal.impl.XMLDocumentFragmentScannerImpl.scanDocument(XMLDocumentFragmentScannerImpl.java:542)
 java.xml@17.0.6/com.sun.org.apache.xerces.internal.parsers.XML11Configuration.parse(XML11Configuration.java:889)
 java.xml@17.0.6/com.sun.org.apache.xerces.internal.parsers.XML11Configuration.parse(XML11Configuration.java:825)
 java.xml@17.0.6/com.sun.org.apache.xerces.internal.parsers.XMLParser.parse(XMLParser.java:141)
 java.xml@17.0.6/com.sun.org.apache.xerces.internal.parsers.AbstractSAXParser.parse(AbstractSAXParser.java:1224)
 java.xml@17.0.6/com.sun.org.apache.xerces.internal.jaxp.SAXParserImpl$JAXPSAXParser.parse(SAXParserImpl.java:637)
 app//org.apache.xmlbeans.impl.store.Locale$SaxLoader.load(Locale.java:2532)
 app//org.apache.xmlbeans.impl.store.Locale.lambda$parseToXmlObject$3(Locale.java:717)
 app//org.apache.xmlbeans.impl.store.Locale$$Lambda$956/0x00000008010e2558.parse(Unknown Source)
 app//org.apache.xmlbeans.impl.store.Locale.syncWrap(Locale.java:490)
 app//org.apache.xmlbeans.impl.store.Locale.parseToXmlObject(Locale.java:716)
 app//org.apache.xmlbeans.impl.schema.SchemaTypeLoaderBase.parse(SchemaTypeLoaderBase.java:233)
 app//org.apache.xmlbeans.impl.schema.AbstractDocumentFactory.parse(AbstractDocumentFactory.java:71)
 app//org.apache.poi.xssf.usermodel.XSSFSheet.read(XSSFSheet.java:156)
 app//org.apache.poi.xssf.usermodel.XSSFSheet.onDocumentRead(XSSFSheet.java:148)
 app//org.apache.poi.xssf.usermodel.XSSFWorkbook.parseSheet(XSSFWorkbook.java:468)
 app//org.apache.poi.xssf.usermodel.XSSFWorkbook.onDocumentRead(XSSFWorkbook.java:429)
 app//org.apache.poi.ooxml.POIXMLDocument.load(POIXMLDocument.java:169)
 app//org.apache.poi.xssf.usermodel.XSSFWorkbook.<init>(XSSFWorkbook.java:260)
 app//org.apache.poi.xssf.usermodel.XSSFWorkbookFactory.createWorkbook(XSSFWorkbookFactory.java:118)
 app//org.apache.poi.xssf.usermodel.XSSFWorkbookFactory.create(XSSFWorkbookFactory.java:156)
 app//org.apache.poi.xssf.usermodel.XSSFWorkbookFactory.create(XSSFWorkbookFactory.java:36)
 app//org.apache.poi.ss.usermodel.WorkbookFactory.lambda$create$4(WorkbookFactory.java:311)
 app//org.apache.poi.ss.usermodel.WorkbookFactory$$Lambda$785/0x0000000801026750.create(Unknown Source)
 app//org.apache.poi.ss.usermodel.WorkbookFactory.wp(WorkbookFactory.java:329)
 app//org.apache.poi.ss.usermodel.WorkbookFactory.create(WorkbookFactory.java:311)
 app//org.apache.poi.ss.usermodel.WorkbookFactory.create(WorkbookFactory.java:277)
 app//org.apache.poi.ss.usermodel.WorkbookFactory.create(WorkbookFactory.java:255)
 app//com.orakoglu.excelreader.Controller.readExcel(Controller.java:33)
 app//com.orakoglu.excelreader.ExcelReader.home(ExcelReader.java:20)
 java.base@17.0.6/jdk.internal.reflect.NativeMethodAccessorImpl.invoke0(Native Method)
 java.base@17.0.6/jdk.internal.reflect.NativeMethodAccessorImpl.invoke(NativeMethodAccessorImpl.java:77)
 java.base@17.0.6/jdk.internal.reflect.DelegatingMethodAccessorImpl.invoke(DelegatingMethodAccessorImpl.java:43)
 java.base@17.0.6/java.lang.reflect.Method.invoke(Method.java:568)
 app//org.springframework.web.method.support.InvocableHandlerMethod.doInvoke(InvocableHandlerMethod.java:207)
 app//org.springframework.web.method.support.InvocableHandlerMethod.invokeForRequest(InvocableHandlerMethod.java:152)
 app//org.springframework.web.servlet.mvc.method.annotation.ServletInvocableHandlerMethod.invokeAndHandle(ServletInvocableHandlerMethod.java:118)
 app//org.springframework.web.servlet.mvc.method.annotation.RequestMappingHandlerAdapter.invokeHandlerMethod(RequestMappingHandlerAdapter.java:884)
 app//org.springframework.web.servlet.mvc.method.annotation.RequestMappingHandlerAdapter.handleInternal(RequestMappingHandlerAdapter.java:797)
 app//org.springframework.web.servlet.mvc.method.AbstractHandlerMethodAdapter.handle(AbstractHandlerMethodAdapter.java:87)
 app//org.springframework.web.servlet.DispatcherServlet.doDispatch(DispatcherServlet.java:1081)
 app//org.springframework.web.servlet.DispatcherServlet.doService(DispatcherServlet.java:974)
 app//org.springframework.web.servlet.FrameworkServlet.processRequest(FrameworkServlet.java:1011)
 app//org.springframework.web.servlet.FrameworkServlet.doGet(FrameworkServlet.java:903)
 app//jakarta.servlet.http.HttpServlet.service(HttpServlet.java:564)
 app//org.springframework.web.servlet.FrameworkServlet.service(FrameworkServlet.java:885)
 app//jakarta.servlet.http.HttpServlet.service(HttpServlet.java:658)
 app//org.apache.catalina.core.ApplicationFilterChain.internalDoFilter(ApplicationFilterChain.java:205)
 app//org.apache.catalina.core.ApplicationFilterChain.doFilter(ApplicationFilterChain.java:149)
 app//org.apache.tomcat.websocket.server.WsFilter.doFilter(WsFilter.java:51)
 app//org.apache.catalina.core.ApplicationFilterChain.internalDoFilter(ApplicationFilterChain.java:174)
 app//org.apache.catalina.core.ApplicationFilterChain.doFilter(ApplicationFilterChain.java:149)
 app//org.springframework.web.filter.RequestContextFilter.doFilterInternal(RequestContextFilter.java:100)
 app//org.springframework.web.filter.OncePerRequestFilter.doFilter(OncePerRequestFilter.java:116)
 app//org.apache.catalina.core.ApplicationFilterChain.internalDoFilter(ApplicationFilterChain.java:174)
 app//org.apache.catalina.core.ApplicationFilterChain.doFilter(ApplicationFilterChain.java:149)
 app//org.springframework.web.filter.FormContentFilter.doFilterInternal(FormContentFilter.java:93)
 app//org.springframework.web.filter.OncePerRequestFilter.doFilter(OncePerRequestFilter.java:116)
 app//org.apache.catalina.core.ApplicationFilterChain.internalDoFilter(ApplicationFilterChain.java:174)
 app//org.apache.catalina.core.ApplicationFilterChain.doFilter(ApplicationFilterChain.java:149)
 app//org.springframework.web.filter.CharacterEncodingFilter.doFilterInternal(CharacterEncodingFilter.java:201)
 app//org.springframework.web.filter.OncePerRequestFilter.doFilter(OncePerRequestFilter.java:116)
 app//org.apache.catalina.core.ApplicationFilterChain.internalDoFilter(ApplicationFilterChain.java:174)
 app//org.apache.catalina.core.ApplicationFilterChain.doFilter(ApplicationFilterChain.java:149)
 app//org.apache.catalina.core.StandardWrapperValve.invoke(StandardWrapperValve.java:166)
 app//org.apache.catalina.core.StandardContextValve.invoke(StandardContextValve.java:90)
 app//org.apache.catalina.authenticator.AuthenticatorBase.invoke(AuthenticatorBase.java:482)
 app//org.apache.catalina.core.StandardHostValve.invoke(StandardHostValve.java:115)
 app//org.apache.catalina.valves.ErrorReportValve.invoke(ErrorReportValve.java:93)
 app//org.apache.catalina.core.StandardEngineValve.invoke(StandardEngineValve.java:74)
 app//org.apache.catalina.connector.CoyoteAdapter.service(CoyoteAdapter.java:341)
 app//org.apache.coyote.http11.Http11Processor.service(Http11Processor.java:390)
 app//org.apache.coyote.AbstractProcessorLight.process(AbstractProcessorLight.java:63)
 app//org.apache.coyote.AbstractProtocol$ConnectionHandler.process(AbstractProtocol.java:894)
 app//org.apache.tomcat.util.net.NioEndpoint$SocketProcessor.doRun(NioEndpoint.java:1741)
 app//org.apache.tomcat.util.net.SocketProcessorBase.run(SocketProcessorBase.java:52)
 app//org.apache.tomcat.util.threads.ThreadPoolExecutor.runWorker(ThreadPoolExecutor.java:1191)
 app//org.apache.tomcat.util.threads.ThreadPoolExecutor$Worker.run(ThreadPoolExecutor.java:659)
 app//org.apache.tomcat.util.threads.TaskThread$WrappingRunnable.run(TaskThread.java:61)
 java.base@17.0.6/java.lang.Thread.run(Thread.java:833)]
2023-06-03T19:45:10.768+03:00  INFO 1139860 --- [main] com.orakoglu.excelreader.Application     : Starting Application using Java 17.0.6 with PID 1139860 (/home/xdat/git/excelreader/target/classes started by xdat in /home/xdat/git/excelreader)
2023-06-03T19:45:10.771+03:00  INFO 1139860 --- [main] com.orakoglu.excelreader.Application     : No active profile set, falling back to 1 default profile: "default"
2023-06-03T19:45:11.493+03:00  INFO 1139860 --- [main] o.s.b.w.embedded.tomcat.TomcatWebServer  : Tomcat initialized with port(s): 8626 (http)
2023-06-03T19:45:11.502+03:00  INFO 1139860 --- [main] o.apache.catalina.core.StandardService   : Starting service [Tomcat]
2023-06-03T19:45:11.502+03:00  INFO 1139860 --- [main] o.apache.catalina.core.StandardEngine    : Starting Servlet engine: [Apache Tomcat/10.1.8]
2023-06-03T19:45:11.575+03:00  INFO 1139860 --- [main] o.a.c.c.C.[Tomcat].[localhost].[/]       : Initializing Spring embedded WebApplicationContext
2023-06-03T19:45:11.576+03:00  INFO 1139860 --- [main] w.s.c.ServletWebServerApplicationContext : Root WebApplicationContext: initialization completed in 761 ms
2023-06-03T19:45:14.924+03:00  INFO 1139860 --- [main] o.s.b.w.embedded.tomcat.TomcatWebServer  : Tomcat started on port(s): 8626 (http) with context path ''
2023-06-03T19:45:14.935+03:00  INFO 1139860 --- [main] com.orakoglu.excelreader.Application     : Started Application in 4.536 seconds (process running for 5.153)
2023-06-03T19:45:24.698+03:00  INFO 1139860 --- [http-nio-8626-exec-1] o.a.c.c.C.[Tomcat].[localhost].[/]       : Initializing Spring DispatcherServlet 'dispatcherServlet'
2023-06-03T19:45:24.699+03:00  INFO 1139860 --- [http-nio-8626-exec-1] o.s.web.servlet.DispatcherServlet        : Initializing Servlet 'dispatcherServlet'
2023-06-03T19:45:24.700+03:00  INFO 1139860 --- [http-nio-8626-exec-1] o.s.web.servlet.DispatcherServlet        : Completed initialization in 1 ms
2023-06-03T19:47:53.434+03:00  INFO 1140591 --- [main] com.orakoglu.excelreader.Application     : Starting Application using Java 17.0.6 with PID 1140591 (/home/xdat/git/excelreader/target/classes started by xdat in /home/xdat/git/excelreader)
2023-06-03T19:47:53.437+03:00  INFO 1140591 --- [main] com.orakoglu.excelreader.Application     : No active profile set, falling back to 1 default profile: "default"
2023-06-03T19:47:54.208+03:00  INFO 1140591 --- [main] o.s.b.w.embedded.tomcat.TomcatWebServer  : Tomcat initialized with port(s): 8626 (http)
2023-06-03T19:47:54.218+03:00  INFO 1140591 --- [main] o.apache.catalina.core.StandardService   : Starting service [Tomcat]
2023-06-03T19:47:54.218+03:00  INFO 1140591 --- [main] o.apache.catalina.core.StandardEngine    : Starting Servlet engine: [Apache Tomcat/10.1.8]
2023-06-03T19:47:54.304+03:00  INFO 1140591 --- [main] o.a.c.c.C.[Tomcat].[localhost].[/]       : Initializing Spring embedded WebApplicationContext
2023-06-03T19:47:54.304+03:00  INFO 1140591 --- [main] w.s.c.ServletWebServerApplicationContext : Root WebApplicationContext: initialization completed in 824 ms
2023-06-03T19:47:54.621+03:00  INFO 1140591 --- [main] o.s.b.w.embedded.tomcat.TomcatWebServer  : Tomcat started on port(s): 8626 (http) with context path ''
2023-06-03T19:47:54.631+03:00  INFO 1140591 --- [main] com.orakoglu.excelreader.Application     : Started Application in 1.587 seconds (process running for 2.267)
2023-06-03T19:47:59.285+03:00  INFO 1140591 --- [http-nio-8626-exec-1] o.a.c.c.C.[Tomcat].[localhost].[/]       : Initializing Spring DispatcherServlet 'dispatcherServlet'
2023-06-03T19:47:59.286+03:00  INFO 1140591 --- [http-nio-8626-exec-1] o.s.web.servlet.DispatcherServlet        : Initializing Servlet 'dispatcherServlet'
2023-06-03T19:47:59.287+03:00  INFO 1140591 --- [http-nio-8626-exec-1] o.s.web.servlet.DispatcherServlet        : Completed initialization in 1 ms
2023-06-03 23:00:32.913  INFO 1193607 --- [main] com.orakoglu.excelreader.Application     : Starting Application using Java 1.8.0_281 on xdats with PID 1193607 (/home/xdat/git/excelreader/target/classes started by xdat in /home/xdat/git/excelreader)
2023-06-03 23:00:32.918  INFO 1193607 --- [main] com.orakoglu.excelreader.Application     : No active profile set, falling back to 1 default profile: "default"
2023-06-03 23:00:33.694  INFO 1193607 --- [main] o.s.b.w.embedded.tomcat.TomcatWebServer  : Tomcat initialized with port(s): 8626 (http)
2023-06-03 23:00:33.704  INFO 1193607 --- [main] o.apache.catalina.core.StandardService   : Starting service [Tomcat]
2023-06-03 23:00:33.704  INFO 1193607 --- [main] org.apache.catalina.core.StandardEngine  : Starting Servlet engine: [Apache Tomcat/9.0.75]
2023-06-03 23:00:33.781  INFO 1193607 --- [main] o.a.c.c.C.[Tomcat].[localhost].[/]       : Initializing Spring embedded WebApplicationContext
2023-06-03 23:00:33.781  INFO 1193607 --- [main] w.s.c.ServletWebServerApplicationContext : Root WebApplicationContext: initialization completed in 795 ms
2023-06-03 23:00:34.172  INFO 1193607 --- [main] o.s.b.w.embedded.tomcat.TomcatWebServer  : Tomcat started on port(s): 8626 (http) with context path ''
2023-06-03 23:00:34.182  INFO 1193607 --- [main] com.orakoglu.excelreader.Application     : Started Application in 1.685 seconds (JVM running for 2.448)
2023-06-03 23:00:44.467  INFO 1193607 --- [http-nio-8626-exec-1] o.a.c.c.C.[Tomcat].[localhost].[/]       : Initializing Spring DispatcherServlet 'dispatcherServlet'
2023-06-03 23:00:44.467  INFO 1193607 --- [http-nio-8626-exec-1] o.s.web.servlet.DispatcherServlet        : Initializing Servlet 'dispatcherServlet'
2023-06-03 23:00:44.468  INFO 1193607 --- [http-nio-8626-exec-1] o.s.web.servlet.DispatcherServlet        : Completed initialization in 1 ms
2023-06-03 23:00:44.551  WARN 1193607 --- [http-nio-8626-exec-1] .w.s.m.s.DefaultHandlerExceptionResolver : Resolved [org.springframework.web.bind.MissingServletRequestParameterException: Required request parameter 'dbname' for method parameter type String is not present]
2023-06-03 23:01:28.306  INFO 1193889 --- [main] com.orakoglu.excelreader.Application     : Starting Application using Java 1.8.0_281 on xdats with PID 1193889 (/home/xdat/git/excelreader/target/classes started by xdat in /home/xdat/git/excelreader)
2023-06-03 23:01:28.310  INFO 1193889 --- [main] com.orakoglu.excelreader.Application     : No active profile set, falling back to 1 default profile: "default"
2023-06-03 23:01:29.065  INFO 1193889 --- [main] o.s.b.w.embedded.tomcat.TomcatWebServer  : Tomcat initialized with port(s): 8626 (http)
2023-06-03 23:01:29.076  INFO 1193889 --- [main] o.apache.catalina.core.StandardService   : Starting service [Tomcat]
2023-06-03 23:01:29.077  INFO 1193889 --- [main] org.apache.catalina.core.StandardEngine  : Starting Servlet engine: [Apache Tomcat/9.0.75]
2023-06-03 23:01:29.146  INFO 1193889 --- [main] o.a.c.c.C.[Tomcat].[localhost].[/]       : Initializing Spring embedded WebApplicationContext
2023-06-03 23:01:29.146  INFO 1193889 --- [main] w.s.c.ServletWebServerApplicationContext : Root WebApplicationContext: initialization completed in 779 ms
2023-06-03 23:01:29.527  INFO 1193889 --- [main] o.s.b.w.embedded.tomcat.TomcatWebServer  : Tomcat started on port(s): 8626 (http) with context path ''
2023-06-03 23:01:29.541  INFO 1193889 --- [main] com.orakoglu.excelreader.Application     : Started Application in 1.628 seconds (JVM running for 2.331)
2023-06-03 23:01:39.968  INFO 1193889 --- [http-nio-8626-exec-1] o.a.c.c.C.[Tomcat].[localhost].[/]       : Initializing Spring DispatcherServlet 'dispatcherServlet'
2023-06-03 23:01:39.968  INFO 1193889 --- [http-nio-8626-exec-1] o.s.web.servlet.DispatcherServlet        : Initializing Servlet 'dispatcherServlet'
2023-06-03 23:01:39.969  INFO 1193889 --- [http-nio-8626-exec-1] o.s.web.servlet.DispatcherServlet        : Completed initialization in 1 ms
2023-06-03 23:04:36.870  INFO 1194728 --- [main] com.orakoglu.excelreader.Application     : Starting Application using Java 1.8.0_281 on xdats with PID 1194728 (/home/xdat/git/excelreader/target/classes started by xdat in /home/xdat/git/excelreader)
2023-06-03 23:04:36.874  INFO 1194728 --- [main] com.orakoglu.excelreader.Application     : No active profile set, falling back to 1 default profile: "default"
2023-06-03 23:04:37.623  INFO 1194728 --- [main] o.s.b.w.embedded.tomcat.TomcatWebServer  : Tomcat initialized with port(s): 8626 (http)
2023-06-03 23:04:37.634  INFO 1194728 --- [main] o.apache.catalina.core.StandardService   : Starting service [Tomcat]
2023-06-03 23:04:37.634  INFO 1194728 --- [main] org.apache.catalina.core.StandardEngine  : Starting Servlet engine: [Apache Tomcat/9.0.75]
2023-06-03 23:04:37.713  INFO 1194728 --- [main] o.a.c.c.C.[Tomcat].[localhost].[/]       : Initializing Spring embedded WebApplicationContext
2023-06-03 23:04:37.713  INFO 1194728 --- [main] w.s.c.ServletWebServerApplicationContext : Root WebApplicationContext: initialization completed in 783 ms
2023-06-03 23:04:38.104  INFO 1194728 --- [main] o.s.b.w.embedded.tomcat.TomcatWebServer  : Tomcat started on port(s): 8626 (http) with context path ''
2023-06-03 23:04:38.115  INFO 1194728 --- [main] com.orakoglu.excelreader.Application     : Started Application in 1.639 seconds (JVM running for 2.331)
2023-06-03 23:04:42.351  INFO 1194728 --- [http-nio-8626-exec-1] o.a.c.c.C.[Tomcat].[localhost].[/]       : Initializing Spring DispatcherServlet 'dispatcherServlet'
2023-06-03 23:04:42.352  INFO 1194728 --- [http-nio-8626-exec-1] o.s.web.servlet.DispatcherServlet        : Initializing Servlet 'dispatcherServlet'
2023-06-03 23:04:42.353  INFO 1194728 --- [http-nio-8626-exec-1] o.s.web.servlet.DispatcherServlet        : Completed initialization in 1 ms
2023-06-03 23:13:36.930  INFO 1197373 --- [main] com.orakoglu.excelreader.Application     : Starting Application using Java 1.8.0_281 on xdats with PID 1197373 (/home/xdat/git/excelreader/target/classes started by xdat in /home/xdat/git/excelreader)
2023-06-03 23:13:36.934  INFO 1197373 --- [main] com.orakoglu.excelreader.Application     : No active profile set, falling back to 1 default profile: "default"
2023-06-03 23:13:37.880  INFO 1197373 --- [main] o.s.b.w.embedded.tomcat.TomcatWebServer  : Tomcat initialized with port(s): 8626 (http)
2023-06-03 23:13:37.890  INFO 1197373 --- [main] o.apache.catalina.core.StandardService   : Starting service [Tomcat]
2023-06-03 23:13:37.890  INFO 1197373 --- [main] org.apache.catalina.core.StandardEngine  : Starting Servlet engine: [Apache Tomcat/9.0.75]
2023-06-03 23:13:37.968  INFO 1197373 --- [main] o.a.c.c.C.[Tomcat].[localhost].[/]       : Initializing Spring embedded WebApplicationContext
2023-06-03 23:13:37.968  INFO 1197373 --- [main] w.s.c.ServletWebServerApplicationContext : Root WebApplicationContext: initialization completed in 973 ms
2023-06-03 23:13:38.379  INFO 1197373 --- [main] o.s.b.w.embedded.tomcat.TomcatWebServer  : Tomcat started on port(s): 8626 (http) with context path ''
2023-06-03 23:13:38.390  INFO 1197373 --- [main] com.orakoglu.excelreader.Application     : Started Application in 1.896 seconds (JVM running for 2.784)
2023-06-03 23:13:49.929  INFO 1197373 --- [http-nio-8626-exec-1] o.a.c.c.C.[Tomcat].[localhost].[/]       : Initializing Spring DispatcherServlet 'dispatcherServlet'
2023-06-03 23:13:49.930  INFO 1197373 --- [http-nio-8626-exec-1] o.s.web.servlet.DispatcherServlet        : Initializing Servlet 'dispatcherServlet'
2023-06-03 23:13:49.931  INFO 1197373 --- [http-nio-8626-exec-1] o.s.web.servlet.DispatcherServlet        : Completed initialization in 1 ms
